mode: set
github.com/zoobzio/flux/pkg/firestore/firestore.go:25.37,26.26 1 0
github.com/zoobzio/flux/pkg/firestore/firestore.go:26.26,28.3 1 0
github.com/zoobzio/flux/pkg/firestore/firestore.go:32.90,38.27 2 1
github.com/zoobzio/flux/pkg/firestore/firestore.go:38.27,40.3 1 0
github.com/zoobzio/flux/pkg/firestore/firestore.go:41.2,41.10 1 1
github.com/zoobzio/flux/pkg/firestore/firestore.go:47.69,52.12 3 1
github.com/zoobzio/flux/pkg/firestore/firestore.go:52.12,58.7 4 1
github.com/zoobzio/flux/pkg/firestore/firestore.go:58.7,60.18 2 1
github.com/zoobzio/flux/pkg/firestore/firestore.go:60.18,61.25 1 1
github.com/zoobzio/flux/pkg/firestore/firestore.go:61.25,63.6 1 1
github.com/zoobzio/flux/pkg/firestore/firestore.go:64.5,64.13 1 0
github.com/zoobzio/flux/pkg/firestore/firestore.go:67.4,67.22 1 1
github.com/zoobzio/flux/pkg/firestore/firestore.go:67.22,68.13 1 0
github.com/zoobzio/flux/pkg/firestore/firestore.go:71.4,72.21 2 1
github.com/zoobzio/flux/pkg/firestore/firestore.go:72.21,75.44 2 0
github.com/zoobzio/flux/pkg/firestore/firestore.go:75.44,76.46 1 0
github.com/zoobzio/flux/pkg/firestore/firestore.go:76.46,78.7 1 0
github.com/zoobzio/flux/pkg/firestore/firestore.go:78.12,78.51 1 0
github.com/zoobzio/flux/pkg/firestore/firestore.go:78.51,80.7 1 0
github.com/zoobzio/flux/pkg/firestore/firestore.go:82.10,85.42 2 1
github.com/zoobzio/flux/pkg/firestore/firestore.go:85.42,86.45 1 1
github.com/zoobzio/flux/pkg/firestore/firestore.go:86.45,88.7 1 1
github.com/zoobzio/flux/pkg/firestore/firestore.go:88.12,88.50 1 0
github.com/zoobzio/flux/pkg/firestore/firestore.go:88.50,90.7 1 0
github.com/zoobzio/flux/pkg/firestore/firestore.go:94.4,94.20 1 1
github.com/zoobzio/flux/pkg/firestore/firestore.go:94.20,95.13 1 0
github.com/zoobzio/flux/pkg/firestore/firestore.go:98.4,98.11 1 1
github.com/zoobzio/flux/pkg/firestore/firestore.go:99.22,99.22 0 1
github.com/zoobzio/flux/pkg/firestore/firestore.go:100.22,101.11 1 0
github.com/zoobzio/flux/pkg/firestore/firestore.go:106.2,106.17 1 1
github.com/zoobzio/flux/pkg/firestore/firestore.go:110.116,114.16 2 1
github.com/zoobzio/flux/pkg/firestore/firestore.go:114.16,116.3 1 0
github.com/zoobzio/flux/pkg/firestore/firestore.go:117.2,117.12 1 1
github.com/zoobzio/flux/pkg/firestore/firestore.go:121.116,125.16 2 1
github.com/zoobzio/flux/pkg/firestore/firestore.go:125.16,127.3 1 0
github.com/zoobzio/flux/pkg/firestore/firestore.go:128.2,128.12 1 1
