mode: set
github.com/zoobzio/flux/pkg/consul/consul.go:22.67,27.27 2 1
github.com/zoobzio/flux/pkg/consul/consul.go:27.27,29.3 1 0
github.com/zoobzio/flux/pkg/consul/consul.go:30.2,30.10 1 1
github.com/zoobzio/flux/pkg/consul/consul.go:36.69,41.16 3 1
github.com/zoobzio/flux/pkg/consul/consul.go:41.16,43.3 1 0
github.com/zoobzio/flux/pkg/consul/consul.go:45.2,47.12 2 1
github.com/zoobzio/flux/pkg/consul/consul.go:47.12,53.18 3 1
github.com/zoobzio/flux/pkg/consul/consul.go:53.18,54.11 1 1
github.com/zoobzio/flux/pkg/consul/consul.go:55.27,55.27 0 1
github.com/zoobzio/flux/pkg/consul/consul.go:56.22,57.11 1 0
github.com/zoobzio/flux/pkg/consul/consul.go:62.3,62.7 1 1
github.com/zoobzio/flux/pkg/consul/consul.go:62.7,63.11 1 1
github.com/zoobzio/flux/pkg/consul/consul.go:64.22,65.11 1 0
github.com/zoobzio/flux/pkg/consul/consul.go:66.12,66.12 0 1
github.com/zoobzio/flux/pkg/consul/consul.go:69.4,75.18 4 1
github.com/zoobzio/flux/pkg/consul/consul.go:75.18,77.25 1 1
github.com/zoobzio/flux/pkg/consul/consul.go:77.25,79.6 1 1
github.com/zoobzio/flux/pkg/consul/consul.go:81.5,81.13 1 0
github.com/zoobzio/flux/pkg/consul/consul.go:85.4,85.49 1 1
github.com/zoobzio/flux/pkg/consul/consul.go:85.49,87.12 2 1
github.com/zoobzio/flux/pkg/consul/consul.go:88.28,88.28 0 1
github.com/zoobzio/flux/pkg/consul/consul.go:89.23,90.12 1 0
github.com/zoobzio/flux/pkg/consul/consul.go:92.10,92.41 1 0
github.com/zoobzio/flux/pkg/consul/consul.go:92.41,95.5 1 0
github.com/zoobzio/flux/pkg/consul/consul.go:99.2,99.17 1 1
