mode: set
github.com/zoobzio/flux/api.go:167.17,168.98 1 1
github.com/zoobzio/flux/api.go:168.98,170.3 1 1
github.com/zoobzio/flux/api.go:171.2,183.10 4 1
github.com/zoobzio/flux/api.go:193.64,196.2 2 1
github.com/zoobzio/flux/api.go:201.49,204.2 2 1
github.com/zoobzio/flux/api.go:209.64,212.2 2 1
github.com/zoobzio/flux/api.go:216.57,219.2 2 1
github.com/zoobzio/flux/api.go:225.70,228.2 2 1
github.com/zoobzio/flux/api.go:233.72,236.2 2 1
github.com/zoobzio/flux/api.go:241.61,244.2 2 1
github.com/zoobzio/flux/api.go:250.62,253.2 2 1
github.com/zoobzio/flux/api.go:256.38,258.2 1 1
github.com/zoobzio/flux/api.go:262.44,264.16 2 1
github.com/zoobzio/flux/api.go:264.16,267.3 2 1
github.com/zoobzio/flux/api.go:268.2,268.19 1 1
github.com/zoobzio/flux/api.go:272.42,274.16 2 1
github.com/zoobzio/flux/api.go:274.16,276.3 1 1
github.com/zoobzio/flux/api.go:277.2,277.13 1 1
github.com/zoobzio/flux/api.go:282.47,284.2 1 1
github.com/zoobzio/flux/api.go:296.57,298.15 2 1
github.com/zoobzio/flux/api.go:298.15,301.3 2 1
github.com/zoobzio/flux/api.go:302.2,310.16 5 1
github.com/zoobzio/flux/api.go:310.16,312.3 1 1
github.com/zoobzio/flux/api.go:315.2,319.26 3 1
github.com/zoobzio/flux/api.go:319.26,323.3 3 1
github.com/zoobzio/flux/api.go:325.2,325.9 1 1
github.com/zoobzio/flux/api.go:326.27,327.75 1 1
github.com/zoobzio/flux/api.go:327.75,329.4 1 1
github.com/zoobzio/flux/api.go:330.3,330.26 1 1
github.com/zoobzio/flux/api.go:331.28,332.10 1 1
github.com/zoobzio/flux/api.go:332.10,334.4 1 1
github.com/zoobzio/flux/api.go:335.3,336.23 2 1
github.com/zoobzio/flux/api.go:336.23,338.4 1 1
github.com/zoobzio/flux/api.go:339.3,339.35 1 1
github.com/zoobzio/flux/api.go:342.2,342.16 1 1
github.com/zoobzio/flux/api.go:342.16,346.3 2 1
github.com/zoobzio/flux/api.go:349.2,351.19 2 1
github.com/zoobzio/flux/api.go:357.58,358.17 1 1
github.com/zoobzio/flux/api.go:358.17,360.3 1 1
github.com/zoobzio/flux/api.go:362.2,362.9 1 1
github.com/zoobzio/flux/api.go:363.30,364.10 1 1
github.com/zoobzio/flux/api.go:364.10,366.4 1 1
github.com/zoobzio/flux/api.go:367.3,368.23 2 1
github.com/zoobzio/flux/api.go:368.23,370.4 1 1
github.com/zoobzio/flux/api.go:371.3,372.14 2 1
github.com/zoobzio/flux/api.go:373.10,374.15 1 1
github.com/zoobzio/flux/api.go:379.71,385.56 4 1
github.com/zoobzio/flux/api.go:385.56,391.23 4 1
github.com/zoobzio/flux/api.go:391.23,393.4 1 0
github.com/zoobzio/flux/api.go:394.3,394.49 1 1
github.com/zoobzio/flux/api.go:398.2,398.42 1 1
github.com/zoobzio/flux/api.go:398.42,404.23 4 1
github.com/zoobzio/flux/api.go:404.23,406.4 1 1
github.com/zoobzio/flux/api.go:407.3,407.50 1 1
github.com/zoobzio/flux/api.go:411.2,412.41 2 1
github.com/zoobzio/flux/api.go:412.41,414.3 1 1
github.com/zoobzio/flux/api.go:417.2,419.16 3 1
github.com/zoobzio/flux/api.go:419.16,425.23 4 1
github.com/zoobzio/flux/api.go:425.23,427.4 1 0
github.com/zoobzio/flux/api.go:428.3,428.48 1 1
github.com/zoobzio/flux/api.go:432.2,437.22 6 1
github.com/zoobzio/flux/api.go:437.22,439.3 1 1
github.com/zoobzio/flux/api.go:441.2,441.12 1 1
github.com/zoobzio/flux/api.go:446.45,447.29 1 1
github.com/zoobzio/flux/api.go:447.29,449.3 1 1
github.com/zoobzio/flux/api.go:450.2,450.22 1 1
github.com/zoobzio/flux/api.go:454.87,455.26 1 1
github.com/zoobzio/flux/api.go:455.26,457.3 1 1
github.com/zoobzio/flux/api.go:458.2,463.22 3 1
github.com/zoobzio/flux/api.go:463.22,465.3 1 1
github.com/zoobzio/flux/api.go:469.44,473.2 3 1
github.com/zoobzio/flux/api.go:476.74,477.15 1 1
github.com/zoobzio/flux/api.go:477.15,482.22 3 1
github.com/zoobzio/flux/api.go:482.22,484.4 1 1
github.com/zoobzio/flux/api.go:487.2,493.6 2 1
github.com/zoobzio/flux/api.go:493.6,496.19 2 1
github.com/zoobzio/flux/api.go:496.19,498.4 1 1
github.com/zoobzio/flux/api.go:500.3,500.10 1 1
github.com/zoobzio/flux/api.go:501.21,502.20 1 1
github.com/zoobzio/flux/api.go:502.20,504.5 1 1
github.com/zoobzio/flux/api.go:505.4,505.10 1 1
github.com/zoobzio/flux/api.go:507.29,508.11 1 1
github.com/zoobzio/flux/api.go:508.11,510.19 1 1
github.com/zoobzio/flux/api.go:510.19,512.6 1 1
github.com/zoobzio/flux/api.go:513.5,513.11 1 1
github.com/zoobzio/flux/api.go:516.4,517.24 2 1
github.com/zoobzio/flux/api.go:517.24,519.5 1 0
github.com/zoobzio/flux/api.go:520.4,524.20 3 1
github.com/zoobzio/flux/api.go:524.20,526.5 1 1
github.com/zoobzio/flux/api.go:526.10,527.22 1 1
github.com/zoobzio/flux/api.go:527.22,528.13 1 0
github.com/zoobzio/flux/api.go:529.23,529.23 0 0
github.com/zoobzio/flux/api.go:530.14,530.14 0 0
github.com/zoobzio/flux/api.go:533.5,533.28 1 1
github.com/zoobzio/flux/api.go:536.17,537.18 1 1
github.com/zoobzio/flux/api.go:537.18,540.5 2 1
github.com/zoobzio/flux/channel_watcher.go:14.58,16.2 1 1
github.com/zoobzio/flux/channel_watcher.go:21.62,23.2 1 1
github.com/zoobzio/flux/channel_watcher.go:26.76,27.12 1 1
github.com/zoobzio/flux/channel_watcher.go:27.12,29.3 1 1
github.com/zoobzio/flux/channel_watcher.go:31.2,32.12 2 1
github.com/zoobzio/flux/channel_watcher.go:32.12,34.7 2 1
github.com/zoobzio/flux/channel_watcher.go:34.7,35.11 1 1
github.com/zoobzio/flux/channel_watcher.go:36.22,37.11 1 1
github.com/zoobzio/flux/channel_watcher.go:38.25,39.12 1 1
github.com/zoobzio/flux/channel_watcher.go:39.12,41.6 1 1
github.com/zoobzio/flux/channel_watcher.go:42.5,42.12 1 1
github.com/zoobzio/flux/channel_watcher.go:43.19,43.19 0 1
github.com/zoobzio/flux/channel_watcher.go:44.23,45.12 1 0
github.com/zoobzio/flux/channel_watcher.go:50.2,50.17 1 1
github.com/zoobzio/flux/codec.go:23.54,25.2 1 1
github.com/zoobzio/flux/codec.go:28.39,30.2 1 1
github.com/zoobzio/flux/codec.go:39.54,41.2 1 1
github.com/zoobzio/flux/codec.go:44.39,46.2 1 1
github.com/zoobzio/flux/compose.go:93.26,96.108 1 1
github.com/zoobzio/flux/compose.go:96.108,98.3 1 1
github.com/zoobzio/flux/compose.go:99.2,114.10 4 1
github.com/zoobzio/flux/compose.go:124.82,127.2 2 1
github.com/zoobzio/flux/compose.go:132.67,135.2 2 1
github.com/zoobzio/flux/compose.go:140.82,143.2 2 1
github.com/zoobzio/flux/compose.go:147.75,150.2 2 1
github.com/zoobzio/flux/compose.go:156.88,159.2 2 1
github.com/zoobzio/flux/compose.go:164.90,167.2 2 1
github.com/zoobzio/flux/compose.go:172.79,175.2 2 1
github.com/zoobzio/flux/compose.go:181.80,184.2 2 1
github.com/zoobzio/flux/compose.go:187.47,189.2 1 1
github.com/zoobzio/flux/compose.go:194.53,196.16 2 1
github.com/zoobzio/flux/compose.go:196.16,199.3 2 1
github.com/zoobzio/flux/compose.go:200.2,200.19 1 1
github.com/zoobzio/flux/compose.go:204.51,206.16 2 1
github.com/zoobzio/flux/compose.go:206.16,208.3 1 1
github.com/zoobzio/flux/compose.go:209.2,209.13 1 1
github.com/zoobzio/flux/compose.go:214.56,216.2 1 1
github.com/zoobzio/flux/compose.go:220.62,222.16 2 1
github.com/zoobzio/flux/compose.go:222.16,224.3 1 1
github.com/zoobzio/flux/compose.go:225.2,225.13 1 1
github.com/zoobzio/flux/compose.go:229.66,231.15 2 1
github.com/zoobzio/flux/compose.go:231.15,234.3 2 1
github.com/zoobzio/flux/compose.go:235.2,238.25 3 1
github.com/zoobzio/flux/compose.go:238.25,240.3 1 1
github.com/zoobzio/flux/compose.go:242.2,248.32 3 1
github.com/zoobzio/flux/compose.go:248.32,250.17 2 1
github.com/zoobzio/flux/compose.go:250.17,252.4 1 1
github.com/zoobzio/flux/compose.go:253.3,253.24 1 1
github.com/zoobzio/flux/compose.go:258.2,259.26 2 1
github.com/zoobzio/flux/compose.go:259.26,263.3 3 1
github.com/zoobzio/flux/compose.go:265.2,265.35 1 1
github.com/zoobzio/flux/compose.go:265.35,266.10 1 1
github.com/zoobzio/flux/compose.go:267.28,268.76 1 1
github.com/zoobzio/flux/compose.go:268.76,270.5 1 1
github.com/zoobzio/flux/compose.go:271.4,271.27 1 1
github.com/zoobzio/flux/compose.go:272.24,273.11 1 1
github.com/zoobzio/flux/compose.go:273.11,275.5 1 1
github.com/zoobzio/flux/compose.go:276.4,277.21 2 1
github.com/zoobzio/flux/compose.go:281.2,282.22 2 1
github.com/zoobzio/flux/compose.go:282.22,284.3 1 1
github.com/zoobzio/flux/compose.go:287.2,289.16 2 1
github.com/zoobzio/flux/compose.go:289.16,291.3 1 1
github.com/zoobzio/flux/compose.go:294.2,296.19 2 1
github.com/zoobzio/flux/compose.go:300.67,301.17 1 1
github.com/zoobzio/flux/compose.go:301.17,303.3 1 1
github.com/zoobzio/flux/compose.go:306.2,307.35 2 1
github.com/zoobzio/flux/compose.go:307.35,308.10 1 1
github.com/zoobzio/flux/compose.go:309.24,310.11 1 1
github.com/zoobzio/flux/compose.go:310.11,311.13 1 1
github.com/zoobzio/flux/compose.go:313.4,314.18 2 1
github.com/zoobzio/flux/compose.go:315.11,315.11 0 1
github.com/zoobzio/flux/compose.go:319.2,319.13 1 1
github.com/zoobzio/flux/compose.go:319.13,321.23 2 1
github.com/zoobzio/flux/compose.go:321.23,323.4 1 1
github.com/zoobzio/flux/compose.go:324.3,325.14 2 1
github.com/zoobzio/flux/compose.go:327.2,327.14 1 1
github.com/zoobzio/flux/compose.go:331.68,339.31 5 1
github.com/zoobzio/flux/compose.go:339.31,341.57 2 1
github.com/zoobzio/flux/compose.go:341.57,349.24 6 1
github.com/zoobzio/flux/compose.go:349.24,351.5 1 0
github.com/zoobzio/flux/compose.go:352.4,352.63 1 1
github.com/zoobzio/flux/compose.go:355.3,355.43 1 1
github.com/zoobzio/flux/compose.go:355.43,363.24 6 1
github.com/zoobzio/flux/compose.go:363.24,365.5 1 1
github.com/zoobzio/flux/compose.go:366.4,366.64 1 1
github.com/zoobzio/flux/compose.go:369.3,369.22 1 1
github.com/zoobzio/flux/compose.go:373.2,374.46 2 1
github.com/zoobzio/flux/compose.go:374.46,376.3 1 1
github.com/zoobzio/flux/compose.go:379.2,380.16 2 1
github.com/zoobzio/flux/compose.go:380.16,386.23 4 1
github.com/zoobzio/flux/compose.go:386.23,388.4 1 0
github.com/zoobzio/flux/compose.go:389.3,389.47 1 1
github.com/zoobzio/flux/compose.go:393.2,394.41 2 1
github.com/zoobzio/flux/compose.go:394.41,396.3 1 1
github.com/zoobzio/flux/compose.go:399.2,401.16 3 1
github.com/zoobzio/flux/compose.go:401.16,407.23 4 0
github.com/zoobzio/flux/compose.go:407.23,409.4 1 0
github.com/zoobzio/flux/compose.go:410.3,410.48 1 0
github.com/zoobzio/flux/compose.go:414.2,421.22 8 1
github.com/zoobzio/flux/compose.go:421.22,423.3 1 1
github.com/zoobzio/flux/compose.go:425.2,425.12 1 1
github.com/zoobzio/flux/compose.go:428.54,429.29 1 1
github.com/zoobzio/flux/compose.go:429.29,431.3 1 1
github.com/zoobzio/flux/compose.go:432.2,432.22 1 1
github.com/zoobzio/flux/compose.go:435.96,436.26 1 1
github.com/zoobzio/flux/compose.go:436.26,438.3 1 1
github.com/zoobzio/flux/compose.go:439.2,444.22 3 1
github.com/zoobzio/flux/compose.go:444.22,446.3 1 1
github.com/zoobzio/flux/compose.go:449.53,453.2 3 1
github.com/zoobzio/flux/compose.go:455.69,457.2 1 1
github.com/zoobzio/flux/compose.go:460.60,461.15 1 1
github.com/zoobzio/flux/compose.go:461.15,466.22 3 1
github.com/zoobzio/flux/compose.go:466.22,468.4 1 1
github.com/zoobzio/flux/compose.go:472.2,478.35 4 1
github.com/zoobzio/flux/compose.go:478.35,479.38 1 1
github.com/zoobzio/flux/compose.go:479.38,481.8 2 1
github.com/zoobzio/flux/compose.go:481.8,482.12 1 1
github.com/zoobzio/flux/compose.go:483.23,484.12 1 1
github.com/zoobzio/flux/compose.go:485.26,486.13 1 1
github.com/zoobzio/flux/compose.go:486.13,488.7 1 1
github.com/zoobzio/flux/compose.go:489.6,490.13 2 1
github.com/zoobzio/flux/compose.go:491.26,491.26 0 1
github.com/zoobzio/flux/compose.go:492.24,493.13 1 0
github.com/zoobzio/flux/compose.go:501.2,501.12 1 1
github.com/zoobzio/flux/compose.go:501.12,508.7 2 1
github.com/zoobzio/flux/compose.go:508.7,509.11 1 1
github.com/zoobzio/flux/compose.go:510.22,511.21 1 1
github.com/zoobzio/flux/compose.go:511.21,513.6 1 1
github.com/zoobzio/flux/compose.go:514.5,514.11 1 1
github.com/zoobzio/flux/compose.go:516.19,518.25 2 1
github.com/zoobzio/flux/compose.go:518.25,520.6 1 0
github.com/zoobzio/flux/compose.go:521.5,524.21 2 1
github.com/zoobzio/flux/compose.go:524.21,527.6 2 1
github.com/zoobzio/flux/compose.go:527.11,528.23 1 1
github.com/zoobzio/flux/compose.go:528.23,529.14 1 0
github.com/zoobzio/flux/compose.go:530.21,530.21 0 0
github.com/zoobzio/flux/compose.go:531.15,531.15 0 0
github.com/zoobzio/flux/compose.go:534.6,534.29 1 1
github.com/zoobzio/flux/compose.go:537.18,538.19 1 1
github.com/zoobzio/flux/compose.go:538.19,541.6 2 1
github.com/zoobzio/flux/compose.go:546.2,547.16 2 1
github.com/zoobzio/flux/error_ring.go:16.40,17.15 1 1
github.com/zoobzio/flux/error_ring.go:17.15,19.3 1 1
github.com/zoobzio/flux/error_ring.go:20.2,23.3 1 1
github.com/zoobzio/flux/error_ring.go:27.37,28.14 1 1
github.com/zoobzio/flux/error_ring.go:28.14,30.3 1 1
github.com/zoobzio/flux/error_ring.go:31.2,36.22 5 1
github.com/zoobzio/flux/error_ring.go:36.22,38.3 1 1
github.com/zoobzio/flux/error_ring.go:42.29,43.14 1 1
github.com/zoobzio/flux/error_ring.go:43.14,45.3 1 1
github.com/zoobzio/flux/error_ring.go:46.2,49.26 3 1
github.com/zoobzio/flux/error_ring.go:49.26,51.3 1 1
github.com/zoobzio/flux/error_ring.go:52.2,53.13 2 1
github.com/zoobzio/flux/error_ring.go:57.35,58.14 1 1
github.com/zoobzio/flux/error_ring.go:58.14,60.3 1 1
github.com/zoobzio/flux/error_ring.go:61.2,64.18 3 1
github.com/zoobzio/flux/error_ring.go:64.18,66.3 1 1
github.com/zoobzio/flux/error_ring.go:68.2,70.31 3 1
github.com/zoobzio/flux/error_ring.go:70.31,72.3 1 1
github.com/zoobzio/flux/error_ring.go:73.2,73.15 1 1
github.com/zoobzio/flux/metrics.go:27.73,27.74 0 1
github.com/zoobzio/flux/metrics.go:28.73,28.74 0 1
github.com/zoobzio/flux/metrics.go:29.73,29.74 0 1
github.com/zoobzio/flux/metrics.go:30.73,30.74 0 1
github.com/zoobzio/flux/options.go:19.117,21.27 2 1
github.com/zoobzio/flux/options.go:21.27,23.3 1 1
github.com/zoobzio/flux/options.go:24.2,24.17 1 1
github.com/zoobzio/flux/options.go:36.56,37.73 1 1
github.com/zoobzio/flux/options.go:37.73,39.3 1 1
github.com/zoobzio/flux/options.go:44.83,45.73 1 1
github.com/zoobzio/flux/options.go:45.73,47.3 1 1
github.com/zoobzio/flux/options.go:53.58,54.73 1 1
github.com/zoobzio/flux/options.go:54.73,56.3 1 1
github.com/zoobzio/flux/options.go:61.84,62.73 1 1
github.com/zoobzio/flux/options.go:62.73,65.3 2 1
github.com/zoobzio/flux/options.go:79.86,80.73 1 1
github.com/zoobzio/flux/options.go:80.73,82.3 1 1
github.com/zoobzio/flux/options.go:90.96,91.73 1 1
github.com/zoobzio/flux/options.go:91.73,93.3 1 1
github.com/zoobzio/flux/options.go:118.87,119.73 1 1
github.com/zoobzio/flux/options.go:119.73,122.3 2 1
github.com/zoobzio/flux/options.go:133.124,135.2 1 1
github.com/zoobzio/flux/options.go:140.129,142.2 1 1
github.com/zoobzio/flux/options.go:147.115,149.2 1 1
github.com/zoobzio/flux/options.go:153.181,155.2 1 1
github.com/zoobzio/flux/options.go:160.130,162.2 1 1
github.com/zoobzio/flux/options.go:171.112,173.2 1 1
github.com/zoobzio/flux/options.go:177.139,179.2 1 1
github.com/zoobzio/flux/options.go:183.114,185.2 1 1
github.com/zoobzio/flux/options.go:189.138,192.2 2 1
github.com/zoobzio/flux/options.go:196.160,198.2 1 1
github.com/zoobzio/flux/options.go:208.85,210.2 1 1
github.com/zoobzio/flux/state.go:25.32,26.11 1 1
github.com/zoobzio/flux/state.go:27.20,28.19 1 1
github.com/zoobzio/flux/state.go:29.20,30.19 1 1
github.com/zoobzio/flux/state.go:31.21,32.20 1 1
github.com/zoobzio/flux/state.go:33.18,34.17 1 1
github.com/zoobzio/flux/state.go:35.10,36.19 1 1
