mode: set
github.com/zoobzio/flux/pkg/kubernetes/kubernetes.go:39.47,40.26 1 1
github.com/zoobzio/flux/pkg/kubernetes/kubernetes.go:40.26,42.3 1 1
github.com/zoobzio/flux/pkg/kubernetes/kubernetes.go:47.93,55.27 2 1
github.com/zoobzio/flux/pkg/kubernetes/kubernetes.go:55.27,57.3 1 1
github.com/zoobzio/flux/pkg/kubernetes/kubernetes.go:58.2,58.10 1 1
github.com/zoobzio/flux/pkg/kubernetes/kubernetes.go:64.69,67.12 2 1
github.com/zoobzio/flux/pkg/kubernetes/kubernetes.go:67.12,70.7 2 1
github.com/zoobzio/flux/pkg/kubernetes/kubernetes.go:70.7,71.48 1 1
github.com/zoobzio/flux/pkg/kubernetes/kubernetes.go:71.48,72.25 1 1
github.com/zoobzio/flux/pkg/kubernetes/kubernetes.go:72.25,74.6 1 1
github.com/zoobzio/flux/pkg/kubernetes/kubernetes.go:76.5,76.13 1 0
github.com/zoobzio/flux/pkg/kubernetes/kubernetes.go:78.4,78.10 1 0
github.com/zoobzio/flux/pkg/kubernetes/kubernetes.go:82.2,82.17 1 1
github.com/zoobzio/flux/pkg/kubernetes/kubernetes.go:85.75,88.16 2 1
github.com/zoobzio/flux/pkg/kubernetes/kubernetes.go:88.16,90.3 1 0
github.com/zoobzio/flux/pkg/kubernetes/kubernetes.go:92.2,92.18 1 1
github.com/zoobzio/flux/pkg/kubernetes/kubernetes.go:92.18,93.10 1 1
github.com/zoobzio/flux/pkg/kubernetes/kubernetes.go:94.21,94.21 0 1
github.com/zoobzio/flux/pkg/kubernetes/kubernetes.go:95.21,96.20 1 0
github.com/zoobzio/flux/pkg/kubernetes/kubernetes.go:101.2,108.33 3 1
github.com/zoobzio/flux/pkg/kubernetes/kubernetes.go:108.33,110.3 1 1
github.com/zoobzio/flux/pkg/kubernetes/kubernetes.go:110.8,112.3 1 1
github.com/zoobzio/flux/pkg/kubernetes/kubernetes.go:113.2,113.16 1 1
github.com/zoobzio/flux/pkg/kubernetes/kubernetes.go:113.16,115.3 1 0
github.com/zoobzio/flux/pkg/kubernetes/kubernetes.go:116.2,118.6 2 1
github.com/zoobzio/flux/pkg/kubernetes/kubernetes.go:118.6,119.10 1 1
github.com/zoobzio/flux/pkg/kubernetes/kubernetes.go:120.21,121.20 1 1
github.com/zoobzio/flux/pkg/kubernetes/kubernetes.go:122.44,123.11 1 0
github.com/zoobzio/flux/pkg/kubernetes/kubernetes.go:123.11,125.5 1 0
github.com/zoobzio/flux/pkg/kubernetes/kubernetes.go:127.4,127.33 1 0
github.com/zoobzio/flux/pkg/kubernetes/kubernetes.go:127.33,129.5 1 0
github.com/zoobzio/flux/pkg/kubernetes/kubernetes.go:131.4,131.35 1 0
github.com/zoobzio/flux/pkg/kubernetes/kubernetes.go:131.35,132.13 1 0
github.com/zoobzio/flux/pkg/kubernetes/kubernetes.go:135.4,136.20 2 0
github.com/zoobzio/flux/pkg/kubernetes/kubernetes.go:136.20,137.12 1 0
github.com/zoobzio/flux/pkg/kubernetes/kubernetes.go:138.23,138.23 0 0
github.com/zoobzio/flux/pkg/kubernetes/kubernetes.go:139.23,140.22 1 0
github.com/zoobzio/flux/pkg/kubernetes/kubernetes.go:147.73,148.33 1 1
github.com/zoobzio/flux/pkg/kubernetes/kubernetes.go:148.33,150.17 2 1
github.com/zoobzio/flux/pkg/kubernetes/kubernetes.go:150.17,152.4 1 1
github.com/zoobzio/flux/pkg/kubernetes/kubernetes.go:153.3,153.57 1 1
github.com/zoobzio/flux/pkg/kubernetes/kubernetes.go:156.2,157.16 2 1
github.com/zoobzio/flux/pkg/kubernetes/kubernetes.go:157.16,159.3 1 1
github.com/zoobzio/flux/pkg/kubernetes/kubernetes.go:160.2,160.56 1 1
github.com/zoobzio/flux/pkg/kubernetes/kubernetes.go:163.56,164.33 1 1
github.com/zoobzio/flux/pkg/kubernetes/kubernetes.go:164.33,165.44 1 1
github.com/zoobzio/flux/pkg/kubernetes/kubernetes.go:165.44,167.4 1 1
github.com/zoobzio/flux/pkg/kubernetes/kubernetes.go:168.8,169.45 1 1
github.com/zoobzio/flux/pkg/kubernetes/kubernetes.go:169.45,171.4 1 1
github.com/zoobzio/flux/pkg/kubernetes/kubernetes.go:173.2,173.12 1 1
