mode: set
github.com/zoobzio/flux/pkg/zookeeper/zookeeper.go:21.63,26.27 2 1
github.com/zoobzio/flux/pkg/zookeeper/zookeeper.go:26.27,28.3 1 0
github.com/zoobzio/flux/pkg/zookeeper/zookeeper.go:29.2,29.10 1 1
github.com/zoobzio/flux/pkg/zookeeper/zookeeper.go:35.69,38.12 2 1
github.com/zoobzio/flux/pkg/zookeeper/zookeeper.go:38.12,41.7 2 1
github.com/zoobzio/flux/pkg/zookeeper/zookeeper.go:41.7,44.18 2 1
github.com/zoobzio/flux/pkg/zookeeper/zookeeper.go:44.18,45.25 1 0
github.com/zoobzio/flux/pkg/zookeeper/zookeeper.go:45.25,47.6 1 0
github.com/zoobzio/flux/pkg/zookeeper/zookeeper.go:49.5,50.19 2 0
github.com/zoobzio/flux/pkg/zookeeper/zookeeper.go:50.19,52.6 1 0
github.com/zoobzio/flux/pkg/zookeeper/zookeeper.go:53.5,53.16 1 0
github.com/zoobzio/flux/pkg/zookeeper/zookeeper.go:53.16,54.13 1 0
github.com/zoobzio/flux/pkg/zookeeper/zookeeper.go:55.24,56.13 1 0
github.com/zoobzio/flux/pkg/zookeeper/zookeeper.go:57.21,58.15 1 0
github.com/zoobzio/flux/pkg/zookeeper/zookeeper.go:61.5,61.13 1 0
github.com/zoobzio/flux/pkg/zookeeper/zookeeper.go:65.4,65.11 1 1
github.com/zoobzio/flux/pkg/zookeeper/zookeeper.go:66.21,66.21 0 1
github.com/zoobzio/flux/pkg/zookeeper/zookeeper.go:67.22,68.11 1 0
github.com/zoobzio/flux/pkg/zookeeper/zookeeper.go:72.4,72.11 1 1
github.com/zoobzio/flux/pkg/zookeeper/zookeeper.go:73.22,74.11 1 1
github.com/zoobzio/flux/pkg/zookeeper/zookeeper.go:75.28,76.42 1 1
github.com/zoobzio/flux/pkg/zookeeper/zookeeper.go:76.42,77.14 1 0
github.com/zoobzio/flux/pkg/zookeeper/zookeeper.go:84.2,84.17 1 1
