mode: set
github.com/zoobzio/flux/pkg/redis/redis.go:29.69,34.27 2 1
github.com/zoobzio/flux/pkg/redis/redis.go:34.27,36.3 1 0
github.com/zoobzio/flux/pkg/redis/redis.go:37.2,37.10 1 1
github.com/zoobzio/flux/pkg/redis/redis.go:43.69,50.16 4 1
github.com/zoobzio/flux/pkg/redis/redis.go:50.16,53.3 2 0
github.com/zoobzio/flux/pkg/redis/redis.go:55.2,57.12 2 1
github.com/zoobzio/flux/pkg/redis/redis.go:57.12,63.37 4 1
github.com/zoobzio/flux/pkg/redis/redis.go:63.37,65.4 1 0
github.com/zoobzio/flux/pkg/redis/redis.go:66.3,66.23 1 1
github.com/zoobzio/flux/pkg/redis/redis.go:66.23,67.11 1 1
github.com/zoobzio/flux/pkg/redis/redis.go:68.20,68.20 0 1
github.com/zoobzio/flux/pkg/redis/redis.go:69.22,70.11 1 0
github.com/zoobzio/flux/pkg/redis/redis.go:75.3,76.7 2 1
github.com/zoobzio/flux/pkg/redis/redis.go:76.7,77.11 1 1
github.com/zoobzio/flux/pkg/redis/redis.go:78.22,79.11 1 1
github.com/zoobzio/flux/pkg/redis/redis.go:80.25,81.12 1 1
github.com/zoobzio/flux/pkg/redis/redis.go:81.12,83.6 1 0
github.com/zoobzio/flux/pkg/redis/redis.go:86.5,86.24 1 1
github.com/zoobzio/flux/pkg/redis/redis.go:87.60,89.20 2 1
github.com/zoobzio/flux/pkg/redis/redis.go:89.20,90.15 1 0
github.com/zoobzio/flux/pkg/redis/redis.go:92.6,92.13 1 1
github.com/zoobzio/flux/pkg/redis/redis.go:93.22,93.22 0 1
github.com/zoobzio/flux/pkg/redis/redis.go:94.24,95.13 1 0
github.com/zoobzio/flux/pkg/redis/redis.go:102.2,102.17 1 1
