mode: set
github.com/zoobzio/flux/pkg/etcd/etcd.go:22.72,27.27 2 1
github.com/zoobzio/flux/pkg/etcd/etcd.go:27.27,29.3 1 0
github.com/zoobzio/flux/pkg/etcd/etcd.go:30.2,30.10 1 1
github.com/zoobzio/flux/pkg/etcd/etcd.go:36.69,39.16 2 1
github.com/zoobzio/flux/pkg/etcd/etcd.go:39.16,41.3 1 0
github.com/zoobzio/flux/pkg/etcd/etcd.go:43.2,45.12 2 1
github.com/zoobzio/flux/pkg/etcd/etcd.go:45.12,49.24 2 1
github.com/zoobzio/flux/pkg/etcd/etcd.go:49.24,50.11 1 1
github.com/zoobzio/flux/pkg/etcd/etcd.go:51.34,51.34 0 1
github.com/zoobzio/flux/pkg/etcd/etcd.go:52.22,53.11 1 0
github.com/zoobzio/flux/pkg/etcd/etcd.go:58.3,60.7 2 1
github.com/zoobzio/flux/pkg/etcd/etcd.go:60.7,61.11 1 1
github.com/zoobzio/flux/pkg/etcd/etcd.go:62.22,63.11 1 1
github.com/zoobzio/flux/pkg/etcd/etcd.go:64.38,65.12 1 1
github.com/zoobzio/flux/pkg/etcd/etcd.go:65.12,67.6 1 0
github.com/zoobzio/flux/pkg/etcd/etcd.go:68.5,68.31 1 1
github.com/zoobzio/flux/pkg/etcd/etcd.go:68.31,69.14 1 0
github.com/zoobzio/flux/pkg/etcd/etcd.go:72.5,72.44 1 1
github.com/zoobzio/flux/pkg/etcd/etcd.go:72.44,74.45 1 1
github.com/zoobzio/flux/pkg/etcd/etcd.go:74.45,75.14 1 1
github.com/zoobzio/flux/pkg/etcd/etcd.go:76.34,76.34 0 1
github.com/zoobzio/flux/pkg/etcd/etcd.go:77.25,78.14 1 0
github.com/zoobzio/flux/pkg/etcd/etcd.go:86.2,86.17 1 1
