mode: set
github.com/zoobzio/flux/pkg/file/file.go:18.32,20.2 1 1
github.com/zoobzio/flux/pkg/file/file.go:25.69,27.16 2 1
github.com/zoobzio/flux/pkg/file/file.go:27.16,29.3 1 0
github.com/zoobzio/flux/pkg/file/file.go:31.2,31.44 1 1
github.com/zoobzio/flux/pkg/file/file.go:31.44,34.3 2 1
github.com/zoobzio/flux/pkg/file/file.go:36.2,38.12 2 1
github.com/zoobzio/flux/pkg/file/file.go:38.12,43.51 3 1
github.com/zoobzio/flux/pkg/file/file.go:43.51,44.11 1 1
github.com/zoobzio/flux/pkg/file/file.go:45.21,45.21 0 1
github.com/zoobzio/flux/pkg/file/file.go:46.22,47.11 1 0
github.com/zoobzio/flux/pkg/file/file.go:51.3,51.7 1 1
github.com/zoobzio/flux/pkg/file/file.go:51.7,52.11 1 1
github.com/zoobzio/flux/pkg/file/file.go:53.22,54.11 1 1
github.com/zoobzio/flux/pkg/file/file.go:56.39,57.12 1 1
github.com/zoobzio/flux/pkg/file/file.go:57.12,59.6 1 0
github.com/zoobzio/flux/pkg/file/file.go:62.5,62.55 1 1
github.com/zoobzio/flux/pkg/file/file.go:62.55,63.14 1 1
github.com/zoobzio/flux/pkg/file/file.go:66.5,67.19 2 1
github.com/zoobzio/flux/pkg/file/file.go:67.19,68.14 1 0
github.com/zoobzio/flux/pkg/file/file.go:71.5,71.12 1 1
github.com/zoobzio/flux/pkg/file/file.go:72.22,72.22 0 1
github.com/zoobzio/flux/pkg/file/file.go:73.23,74.12 1 1
github.com/zoobzio/flux/pkg/file/file.go:77.35,78.12 1 0
github.com/zoobzio/flux/pkg/file/file.go:78.12,80.6 1 0
github.com/zoobzio/flux/pkg/file/file.go:86.2,86.17 1 1
